------------------------------------------------------------------------------------------------------------------------------
      name:  <unnamed>
       log:  G:\Mi unidad\JM\Facultad de Informática (FI)\Licenciatura en Informática\29. Matemática 4\Trabajo Práctico\Datos\
> TP_E1aE2.log
  log type:  text
 opened on:  26 Sep 2024, 22:17:23

. 
. 
. import delimited "players_21", clear
(encoding automatically selected: UTF-8)
(110 vars, 18,944 obs)

. describe

Contains data
 Observations:        18,944                  
    Variables:           110                  
------------------------------------------------------------------------------------------------------------------------------
Variable      Storage   Display    Value
    name         type    format    label      Variable label
------------------------------------------------------------------------------------------------------------------------------
sofifa_id       long    %12.0g                
player_url      str75   %75s                  
short_name      str23   %23s                  
long_name       str51   %51s                  
player_positi~s str12   %12s                  
overall         byte    %8.0g                 
potential       byte    %8.0g                 
value_eur       long    %12.0g                
wage_eur        long    %12.0g                
age             byte    %8.0g                 
dob             str10   %10s                  
height_cm       int     %8.0g                 
weight_kg       int     %8.0g                 
club_team_id    long    %12.0g                
club_name       str45   %45s                  
league_name     str37   %37s                  
league_level    byte    %8.0g                 
club_position   str3    %9s                   
club_jersey_n~r byte    %8.0g                 
club_loaned_f~m str28   %28s                  
club_joined     str10   %10s                  
club_contract~l int     %8.0g                 
nationality_id  int     %8.0g                 
nationality_n~e str24   %24s                  
nation_team_id  long    %12.0g                
nation_position str3    %9s                   
nation_jersey~r byte    %8.0g                 
preferred_foot  str5    %9s                   
weak_foot       byte    %8.0g                 
skill_moves     byte    %8.0g                 
international~n byte    %8.0g                 
work_rate       str13   %13s                  
body_type       str16   %16s                  
real_face       str3    %9s                   
release_claus~r long    %12.0g                
player_tags     strL    %9s                   
player_traits   strL    %9s                   
pace            byte    %8.0g                 
shooting        byte    %8.0g                 
passing         byte    %8.0g                 
dribbling       byte    %8.0g                 
defending       byte    %8.0g                 
physic          byte    %8.0g                 
attacking_cro~g byte    %8.0g                 
attacking_fin~g byte    %8.0g                 
attacking_hea~y byte    %8.0g                 
attacking_sho~g byte    %8.0g                 
attacking_vol~s byte    %8.0g                 
skill_dribbling byte    %8.0g                 
skill_curve     byte    %8.0g                 
skill_fk_accu~y byte    %8.0g                 
skill_long_pa~g byte    %8.0g                 
skill_ball_co~l byte    %8.0g                 
movement_acce~n byte    %8.0g                 
movement_spri~d byte    %8.0g                 
movement_agil~y byte    %8.0g                 
movement_reac~s byte    %8.0g                 
movement_bala~e byte    %8.0g                 
power_shot_po~r byte    %8.0g                 
power_jumping   byte    %8.0g                 
power_stamina   byte    %8.0g                 
power_strength  byte    %8.0g                 
power_long_sh~s byte    %8.0g                 
mentality_agg~n byte    %8.0g                 
mentality_int~s byte    %8.0g                 
mentality_pos~g byte    %8.0g                 
mentality_vis~n byte    %8.0g                 
mentality_pen~s byte    %8.0g                 
mentality_com~e byte    %8.0g                 
defending_mar~s byte    %8.0g                 
defending_sta~e byte    %8.0g                 
defending_sli~e byte    %8.0g                 
goalkeeping_d~g byte    %8.0g                 
goalkeeping_h~g byte    %8.0g                 
goalkeeping_k~g byte    %8.0g                 
goalkeeping_p~g byte    %8.0g                 
goalkeeping_r~s byte    %8.0g                 
goalkeeping_s~d byte    %8.0g                 
ls              str4    %9s                   
st              str4    %9s                   
rs              str4    %9s                   
lw              str4    %9s                   
lf              str4    %9s                   
cf              str4    %9s                   
rf              str4    %9s                   
rw              str4    %9s                   
lam             str4    %9s                   
cam             str4    %9s                   
ram             str4    %9s                   
lm              str4    %9s                   
lcm             str4    %9s                   
cm              str4    %9s                   
rcm             str4    %9s                   
rm              str4    %9s                   
lwb             str4    %9s                   
ldm             str4    %9s                   
cdm             str4    %9s                   
rdm             str4    %9s                   
rwb             str4    %9s                   
lb              str4    %9s                   
lcb             str4    %9s                   
cb              str4    %9s                   
rcb             str4    %9s                   
rb              str4    %9s                   
gk              str4    %9s                   
player_face_url str49   %49s                  
club_logo_url   str42   %42s                  
club_flag_url   str39   %39s                  
nation_logo_url str42   %42s                  
nation_flag_url str39   %39s                  
------------------------------------------------------------------------------------------------------------------------------
Sorted by: 
     Note: Dataset has changed since last saved.

. keep if (value_eur!=.)
(237 observations deleted)

. 
. 
. *##############################################################################*
. ******************* PARTE 1: PREDICCIÓN DEL VALOR DE MERCADO *******************
. *##############################################################################*
. 
. 
. *INCISOS (i)-(ii)*
. 
. local vars="age height_cm pace shooting passing dribbling defending physic attacking_crossing attacking_finishing attacking_
> heading_accuracy attacking_short_passing attacking_volleys skill_dribbling skill_curve skill_fk_accuracy skill_long_passing 
> skill_ball_control movement_acceleration movement_sprint_speed movement_agility movement_reactions movement_balance power_sh
> ot_power power_jumping power_stamina power_strength power_long_shots mentality_aggression mentality_interceptions mentality_
> positioning mentality_vision mentality_penalties mentality_composure defending_marking_awareness defending_standing_tackle d
> efending_sliding_tackle goalkeeping_diving goalkeeping_handling goalkeeping_kicking goalkeeping_positioning goalkeeping_refl
> exes"

. 
. local rows: word count `vars'

. 
. matrix define   regs = J(`rows',5,.)

. matrix colnames regs = "coef" "se" "t" "p-value" "r2"

. 
. local i=1

. local max_r2=-1

. local max_index=0

. local max_var=""

. 
. foreach var of local vars {
  2.         regress value_eur `var', robust
  3.         test `var'
  4.         matrix regs[`i',1]=e(b)[1,1]
  5.         matrix regs[`i',2]=sqrt(e(V)[1,1])
  6.         matrix regs[`i',3]=e(b)[1,1]/e(V)[1,1]
  7.         matrix regs[`i',4]=r(p)
  8.         matrix regs[`i',5]=e(r2)
  9.         if (e(r2)>`max_r2') {
 10.         local max_r2=e(r2)
 11.         local max_index=`i'
 12.         local max_var="`var'"
 13.     }
 14.         local i=`i'+1
 15. }

Linear regression                               Number of obs     =     18,707
                                                F(1, 18705)       =      61.35
                                                Prob > F          =     0.0000
                                                R-squared         =     0.0021
                                                Root MSE          =     7.7e+06

------------------------------------------------------------------------------
             |               Robust
   value_eur | Coefficient  std. err.      t    P>|t|     [95% conf. interval]
-------------+----------------------------------------------------------------
         age |    75346.3   9619.829     7.83   0.000     56490.56    94202.04
       _cons |    1006044   238639.9     4.22   0.000     538288.4     1473800
------------------------------------------------------------------------------

 ( 1)  age = 0

       F(  1, 18705) =   61.35
            Prob > F =    0.0000

Linear regression                               Number of obs     =     18,707
                                                F(1, 18705)       =       0.26
                                                Prob > F          =     0.6080
                                                R-squared         =     0.0000
                                                Root MSE          =     7.7e+06

------------------------------------------------------------------------------
             |               Robust
   value_eur | Coefficient  std. err.      t    P>|t|     [95% conf. interval]
-------------+----------------------------------------------------------------
   height_cm |   4321.189   8423.323     0.51   0.608    -12189.29    20831.67
       _cons |    2119322    1525043     1.39   0.165    -869901.5     5108545
------------------------------------------------------------------------------

 ( 1)  height_cm = 0

       F(  1, 18705) =    0.26
            Prob > F =    0.6080

Linear regression                               Number of obs     =     16,654
                                                F(1, 16652)       =     357.31
                                                Prob > F          =     0.0000
                                                R-squared         =     0.0370
                                                Root MSE          =     7.7e+06

------------------------------------------------------------------------------
             |               Robust
   value_eur | Coefficient  std. err.      t    P>|t|     [95% conf. interval]
-------------+----------------------------------------------------------------
        pace |   137003.9   7247.822    18.90   0.000     122797.4    151210.4
       _cons |   -6276243   452559.3   -13.87   0.000     -7163308    -5389179
------------------------------------------------------------------------------

 ( 1)  pace = 0

       F(  1, 16652) =  357.31
            Prob > F =    0.0000

Linear regression                               Number of obs     =     16,654
                                                F(1, 16652)       =     572.75
                                                Prob > F          =     0.0000
                                                R-squared         =     0.0883
                                                Root MSE          =     7.5e+06

------------------------------------------------------------------------------
             |               Robust
   value_eur | Coefficient  std. err.      t    P>|t|     [95% conf. interval]
-------------+----------------------------------------------------------------
    shooting |     165688     6923.2    23.93   0.000     152117.8    179258.3
       _cons |   -5658801   319748.2   -17.70   0.000     -6285541    -5032060
------------------------------------------------------------------------------

 ( 1)  shooting = 0

       F(  1, 16652) =  572.75
            Prob > F =    0.0000

Linear regression                               Number of obs     =     16,654
                                                F(1, 16652)       =     878.27
                                                Prob > F          =     0.0000
                                                R-squared         =     0.1669
                                                Root MSE          =     7.1e+06

------------------------------------------------------------------------------
             |               Robust
   value_eur | Coefficient  std. err.      t    P>|t|     [95% conf. interval]
-------------+----------------------------------------------------------------
     passing |   309966.4   10459.25    29.64   0.000     289465.2    330467.7
       _cons |  -1.47e+07   551939.2   -26.63   0.000    -1.58e+07   -1.36e+07
------------------------------------------------------------------------------

 ( 1)  passing = 0

       F(  1, 16652) =  878.27
            Prob > F =    0.0000

Linear regression                               Number of obs     =     16,654
                                                F(1, 16652)       =     816.76
                                                Prob > F          =     0.0000
                                                R-squared         =     0.1587
                                                Root MSE          =     7.2e+06

------------------------------------------------------------------------------
             |               Robust
   value_eur | Coefficient  std. err.      t    P>|t|     [95% conf. interval]
-------------+----------------------------------------------------------------
   dribbling |   309369.9    10825.1    28.58   0.000     288151.5    330588.3
       _cons |  -1.63e+07   632602.2   -25.80   0.000    -1.76e+07   -1.51e+07
------------------------------------------------------------------------------

 ( 1)  dribbling = 0

       F(  1, 16652) =  816.76
            Prob > F =    0.0000

Linear regression                               Number of obs     =     16,654
                                                F(1, 16652)       =     261.03
                                                Prob > F          =     0.0000
                                                R-squared         =     0.0227
                                                Root MSE          =     7.7e+06

------------------------------------------------------------------------------
             |               Robust
   value_eur | Coefficient  std. err.      t    P>|t|     [95% conf. interval]
-------------+----------------------------------------------------------------
   defending |   71678.84   4436.565    16.16   0.000      62982.7    80374.98
       _cons |  -678436.7   215234.7    -3.15   0.002     -1100320   -256553.9
------------------------------------------------------------------------------

 ( 1)  defending = 0

       F(  1, 16652) =  261.03
            Prob > F =    0.0000

Linear regression                               Number of obs     =     16,654
                                                F(1, 16652)       =     559.61
                                                Prob > F          =     0.0000
                                                R-squared         =     0.0461
                                                Root MSE          =     7.6e+06

------------------------------------------------------------------------------
             |               Robust
   value_eur | Coefficient  std. err.      t    P>|t|     [95% conf. interval]
-------------+----------------------------------------------------------------
      physic |   171956.4   7269.037    23.66   0.000     157708.3    186204.5
       _cons |   -8082472   430127.1   -18.79   0.000     -8925567    -7239377
------------------------------------------------------------------------------

 ( 1)  physic = 0

       F(  1, 16652) =  559.61
            Prob > F =    0.0000

Linear regression                               Number of obs     =     18,707
                                                F(1, 18705)       =     484.23
                                                Prob > F          =     0.0000
                                                R-squared         =     0.0533
                                                Root MSE          =     7.5e+06

------------------------------------------------------------------------------------
                   |               Robust
         value_eur | Coefficient  std. err.      t    P>|t|     [95% conf. interval]
-------------------+----------------------------------------------------------------
attacking_crossing |   98495.58       4476    22.01   0.000     89722.21    107268.9
             _cons |   -1980490   195966.2   -10.11   0.000     -2364602    -1596379
------------------------------------------------------------------------------------

 ( 1)  attacking_crossing = 0

       F(  1, 18705) =  484.23
            Prob > F =    0.0000

Linear regression                               Number of obs     =     18,707
                                                F(1, 18705)       =     381.04
                                                Prob > F          =     0.0000
                                                R-squared         =     0.0456
                                                Root MSE          =     7.6e+06

-------------------------------------------------------------------------------------
                    |               Robust
          value_eur | Coefficient  std. err.      t    P>|t|     [95% conf. interval]
--------------------+----------------------------------------------------------------
attacking_finishing |   84454.94   4326.537    19.52   0.000     75974.53    92935.34
              _cons |  -963745.2   171332.2    -5.63   0.000     -1299572   -627918.5
-------------------------------------------------------------------------------------

 ( 1)  attacking_finishing = 0

       F(  1, 18705) =  381.04
            Prob > F =    0.0000

Linear regression                               Number of obs     =     18,707
                                                F(1, 18705)       =     287.49
                                                Prob > F          =     0.0000
                                                R-squared         =     0.0250
                                                Root MSE          =     7.6e+06

--------------------------------------------------------------------------------------------
                           |               Robust
                 value_eur | Coefficient  std. err.      t    P>|t|     [95% conf. interval]
---------------------------+----------------------------------------------------------------
attacking_heading_accuracy |   70821.11   4176.871    16.96   0.000     62634.06    79008.16
                     _cons |  -769888.6   200447.2    -3.84   0.000     -1162783   -376993.8
--------------------------------------------------------------------------------------------

 ( 1)  attacking_heading_accuracy = 0

       F(  1, 18705) =  287.49
            Prob > F =    0.0000

Linear regression                               Number of obs     =     18,707
                                                F(1, 18705)       =     715.99
                                                Prob > F          =     0.0000
                                                R-squared         =     0.0859
                                                Root MSE          =     7.4e+06

-----------------------------------------------------------------------------------------
                        |               Robust
              value_eur | Coefficient  std. err.      t    P>|t|     [95% conf. interval]
------------------------+----------------------------------------------------------------
attacking_short_passing |   155889.3   5825.889    26.76   0.000     144470.1    167308.6
                  _cons |   -6245282   307088.9   -20.34   0.000     -6847204    -5643360
-----------------------------------------------------------------------------------------

 ( 1)  attacking_short_passing = 0

       F(  1, 18705) =  715.99
            Prob > F =    0.0000

Linear regression                               Number of obs     =     18,707
                                                F(1, 18705)       =     413.80
                                                Prob > F          =     0.0000
                                                R-squared         =     0.0566
                                                Root MSE          =     7.5e+06

-----------------------------------------------------------------------------------
                  |               Robust
        value_eur | Coefficient  std. err.      t    P>|t|     [95% conf. interval]
------------------+----------------------------------------------------------------
attacking_volleys |   104430.7   5133.748    20.34   0.000     94368.08    114493.3
            _cons |   -1550645   191219.8    -8.11   0.000     -1925453    -1175837
-----------------------------------------------------------------------------------

 ( 1)  attacking_volleys = 0

       F(  1, 18705) =  413.80
            Prob > F =    0.0000

Linear regression                               Number of obs     =     18,707
                                                F(1, 18705)       =     516.48
                                                Prob > F          =     0.0000
                                                R-squared         =     0.0578
                                                Root MSE          =     7.5e+06

---------------------------------------------------------------------------------
                |               Robust
      value_eur | Coefficient  std. err.      t    P>|t|     [95% conf. interval]
----------------+----------------------------------------------------------------
skill_dribbling |   99124.83   4361.714    22.73   0.000     90575.47    107674.2
          _cons |   -2602687   214765.8   -12.12   0.000     -3023648    -2181727
---------------------------------------------------------------------------------

 ( 1)  skill_dribbling = 0

       F(  1, 18705) =  516.48
            Prob > F =    0.0000

Linear regression                               Number of obs     =     18,707
                                                F(1, 18705)       =     520.30
                                                Prob > F          =     0.0000
                                                R-squared         =     0.0661
                                                Root MSE          =     7.5e+06

------------------------------------------------------------------------------
             |               Robust
   value_eur | Coefficient  std. err.      t    P>|t|     [95% conf. interval]
-------------+----------------------------------------------------------------
 skill_curve |   109335.6   4793.309    22.81   0.000     99940.29    118730.9
       _cons |   -2253411   196332.4   -11.48   0.000     -2638241    -1868582
------------------------------------------------------------------------------

 ( 1)  skill_curve = 0

       F(  1, 18705) =  520.30
            Prob > F =    0.0000

Linear regression                               Number of obs     =     18,707
                                                F(1, 18705)       =     402.41
                                                Prob > F          =     0.0000
                                                R-squared         =     0.0473
                                                Root MSE          =     7.6e+06

-----------------------------------------------------------------------------------
                  |               Robust
        value_eur | Coefficient  std. err.      t    P>|t|     [95% conf. interval]
------------------+----------------------------------------------------------------
skill_fk_accuracy |   97778.96   4874.305    20.06   0.000     88224.88      107333
            _cons |   -1233960   180354.2    -6.84   0.000     -1587470   -880449.2
-----------------------------------------------------------------------------------

 ( 1)  skill_fk_accuracy = 0

       F(  1, 18705) =  402.41
            Prob > F =    0.0000

Linear regression                               Number of obs     =     18,707
                                                F(1, 18705)       =     694.55
                                                Prob > F          =     0.0000
                                                R-squared         =     0.0756
                                                Root MSE          =     7.4e+06

------------------------------------------------------------------------------------
                   |               Robust
         value_eur | Coefficient  std. err.      t    P>|t|     [95% conf. interval]
-------------------+----------------------------------------------------------------
skill_long_passing |   140124.5   5316.965    26.35   0.000     129702.8    150546.2
             _cons |   -4469488   243751.9   -18.34   0.000     -4947264    -3991712
------------------------------------------------------------------------------------

 ( 1)  skill_long_passing = 0

       F(  1, 18705) =  694.55
            Prob > F =    0.0000

Linear regression                               Number of obs     =     18,707
                                                F(1, 18705)       =     579.98
                                                Prob > F          =     0.0000
                                                R-squared         =     0.0715
                                                Root MSE          =     7.5e+06

------------------------------------------------------------------------------------
                   |               Robust
         value_eur | Coefficient  std. err.      t    P>|t|     [95% conf. interval]
-------------------+----------------------------------------------------------------
skill_ball_control |   124872.2   5185.127    24.08   0.000     114708.9    135035.5
             _cons |   -4398201   273322.8   -16.09   0.000     -4933938    -3862463
------------------------------------------------------------------------------------

 ( 1)  skill_ball_control = 0

       F(  1, 18705) =  579.98
            Prob > F =    0.0000

Linear regression                               Number of obs     =     18,707
                                                F(1, 18705)       =     368.28
                                                Prob > F          =     0.0000
                                                R-squared         =     0.0271
                                                Root MSE          =     7.6e+06

---------------------------------------------------------------------------------------
                      |               Robust
            value_eur | Coefficient  std. err.      t    P>|t|     [95% conf. interval]
----------------------+----------------------------------------------------------------
movement_acceleration |   85425.74   4451.431    19.19   0.000     76700.54    94150.95
                _cons |   -2590326   257218.1   -10.07   0.000     -3094497    -2086155
---------------------------------------------------------------------------------------

 ( 1)  movement_acceleration = 0

       F(  1, 18705) =  368.28
            Prob > F =    0.0000

Linear regression                               Number of obs     =     18,707
                                                F(1, 18705)       =     408.21
                                                Prob > F          =     0.0000
                                                R-squared         =     0.0286
                                                Root MSE          =     7.6e+06

---------------------------------------------------------------------------------------
                      |               Robust
            value_eur | Coefficient  std. err.      t    P>|t|     [95% conf. interval]
----------------------+----------------------------------------------------------------
movement_sprint_speed |   89197.46   4414.812    20.20   0.000     80544.03     97850.9
                _cons |   -2836670   252250.8   -11.25   0.000     -3331104    -2342235
---------------------------------------------------------------------------------------

 ( 1)  movement_sprint_speed = 0

       F(  1, 18705) =  408.21
            Prob > F =    0.0000

Linear regression                               Number of obs     =     18,707
                                                F(1, 18705)       =     409.11
                                                Prob > F          =     0.0000
                                                R-squared         =     0.0324
                                                Root MSE          =     7.6e+06

----------------------------------------------------------------------------------
                 |               Robust
       value_eur | Coefficient  std. err.      t    P>|t|     [95% conf. interval]
-----------------+----------------------------------------------------------------
movement_agility |    95314.7   4712.357    20.23   0.000     86078.05    104551.3
           _cons |   -3135315   267380.3   -11.73   0.000     -3659404    -2611225
----------------------------------------------------------------------------------

 ( 1)  movement_agility = 0

       F(  1, 18705) =  409.11
            Prob > F =    0.0000

Linear regression                               Number of obs     =     18,707
                                                F(1, 18705)       =    1045.86
                                                Prob > F          =     0.0000
                                                R-squared         =     0.2448
                                                Root MSE          =     6.7e+06

------------------------------------------------------------------------------------
                   |               Robust
         value_eur | Coefficient  std. err.      t    P>|t|     [95% conf. interval]
-------------------+----------------------------------------------------------------
movement_reactions |   420416.3   12999.98    32.34   0.000     394935.2    445897.5
             _cons |  -2.30e+07   759341.1   -30.26   0.000    -2.45e+07   -2.15e+07
------------------------------------------------------------------------------------

 ( 1)  movement_reactions = 0

       F(  1, 18705) = 1045.86
            Prob > F =    0.0000

Linear regression                               Number of obs     =     18,707
                                                F(1, 18705)       =     191.28
                                                Prob > F          =     0.0000
                                                R-squared         =     0.0145
                                                Root MSE          =     7.7e+06

----------------------------------------------------------------------------------
                 |               Robust
       value_eur | Coefficient  std. err.      t    P>|t|     [95% conf. interval]
-----------------+----------------------------------------------------------------
movement_balance |   66310.34   4794.527    13.83   0.000     56912.63    75708.05
           _cons |   -1336689   284937.7    -4.69   0.000     -1895192     -778185
----------------------------------------------------------------------------------

 ( 1)  movement_balance = 0

       F(  1, 18705) =  191.28
            Prob > F =    0.0000

Linear regression                               Number of obs     =     18,707
                                                F(1, 18705)       =     823.93
                                                Prob > F          =     0.0000
                                                R-squared         =     0.0940
                                                Root MSE          =     7.4e+06

----------------------------------------------------------------------------------
                 |               Robust
       value_eur | Coefficient  std. err.      t    P>|t|     [95% conf. interval]
-----------------+----------------------------------------------------------------
power_shot_power |     178101   6204.718    28.70   0.000     165939.2    190262.9
           _cons |   -7378046   316361.5   -23.32   0.000     -7998144    -6757949
----------------------------------------------------------------------------------

 ( 1)  power_shot_power = 0

       F(  1, 18705) =  823.93
            Prob > F =    0.0000

Linear regression                               Number of obs     =     18,707
                                                F(1, 18705)       =     218.43
                                                Prob > F          =     0.0000
                                                R-squared         =     0.0145
                                                Root MSE          =     7.7e+06

-------------------------------------------------------------------------------
              |               Robust
    value_eur | Coefficient  std. err.      t    P>|t|     [95% conf. interval]
--------------+----------------------------------------------------------------
power_jumping |   78373.39   5302.842    14.78   0.000     67979.34    88767.44
        _cons |   -2159928   322995.1    -6.69   0.000     -2793028    -1526828
-------------------------------------------------------------------------------

 ( 1)  power_jumping = 0

       F(  1, 18705) =  218.43
            Prob > F =    0.0000

Linear regression                               Number of obs     =     18,707
                                                F(1, 18705)       =     515.39
                                                Prob > F          =     0.0000
                                                R-squared         =     0.0407
                                                Root MSE          =     7.6e+06

-------------------------------------------------------------------------------
              |               Robust
    value_eur | Coefficient  std. err.      t    P>|t|     [95% conf. interval]
--------------+----------------------------------------------------------------
power_stamina |   98495.63   4338.573    22.70   0.000     89991.63    106999.6
        _cons |   -3260730   241217.1   -13.52   0.000     -3733538    -2787923
-------------------------------------------------------------------------------

 ( 1)  power_stamina = 0

       F(  1, 18705) =  515.39
            Prob > F =    0.0000

Linear regression                               Number of obs     =     18,707
                                                F(1, 18705)       =     268.50
                                                Prob > F          =     0.0000
                                                R-squared         =     0.0150
                                                Root MSE          =     7.7e+06

--------------------------------------------------------------------------------
               |               Robust
     value_eur | Coefficient  std. err.      t    P>|t|     [95% conf. interval]
---------------+----------------------------------------------------------------
power_strength |   75984.35   4637.138    16.39   0.000     66895.13    85073.56
         _cons |   -2015053   277023.4    -7.27   0.000     -2558044    -1472062
--------------------------------------------------------------------------------

 ( 1)  power_strength = 0

       F(  1, 18705) =  268.50
            Prob > F =    0.0000

Linear regression                               Number of obs     =     18,707
                                                F(1, 18705)       =     488.66
                                                Prob > F          =     0.0000
                                                R-squared         =     0.0547
                                                Root MSE          =     7.5e+06

----------------------------------------------------------------------------------
                 |               Robust
       value_eur | Coefficient  std. err.      t    P>|t|     [95% conf. interval]
-----------------+----------------------------------------------------------------
power_long_shots |   93863.64   4246.152    22.11   0.000     85540.79    102186.5
           _cons |   -1482955   170794.7    -8.68   0.000     -1817728    -1148182
----------------------------------------------------------------------------------

 ( 1)  power_long_shots = 0

       F(  1, 18705) =  488.66
            Prob > F =    0.0000

Linear regression                               Number of obs     =     18,707
                                                F(1, 18705)       =     453.24
                                                Prob > F          =     0.0000
                                                R-squared         =     0.0308
                                                Root MSE          =     7.6e+06

--------------------------------------------------------------------------------------
                     |               Robust
           value_eur | Coefficient  std. err.      t    P>|t|     [95% conf. interval]
---------------------+----------------------------------------------------------------
mentality_aggression |   79127.05   3716.726    21.29   0.000     71841.93    86412.17
               _cons |   -1484130   186671.1    -7.95   0.000     -1850022    -1118238
--------------------------------------------------------------------------------------

 ( 1)  mentality_aggression = 0

       F(  1, 18705) =  453.24
            Prob > F =    0.0000

Linear regression                               Number of obs     =     18,707
                                                F(1, 18705)       =     267.79
                                                Prob > F          =     0.0000
                                                R-squared         =     0.0193
                                                Root MSE          =     7.7e+06

-----------------------------------------------------------------------------------------
                        |               Robust
              value_eur | Coefficient  std. err.      t    P>|t|     [95% conf. interval]
------------------------+----------------------------------------------------------------
mentality_interceptions |   51846.68   3168.287    16.36   0.000     45636.55    58056.81
                  _cons |   507305.5   139367.1     3.64   0.000     234133.5    780477.6
-----------------------------------------------------------------------------------------

 ( 1)  mentality_interceptions = 0

       F(  1, 18705) =  267.79
            Prob > F =    0.0000

Linear regression                               Number of obs     =     18,707
                                                F(1, 18705)       =     421.06
                                                Prob > F          =     0.0000
                                                R-squared         =     0.0507
                                                Root MSE          =     7.5e+06

---------------------------------------------------------------------------------------
                      |               Robust
            value_eur | Coefficient  std. err.      t    P>|t|     [95% conf. interval]
----------------------+----------------------------------------------------------------
mentality_positioning |   89688.16    4370.81    20.52   0.000     81120.97    98255.34
                _cons |   -1603090   193356.1    -8.29   0.000     -1982086    -1224095
---------------------------------------------------------------------------------------

 ( 1)  mentality_positioning = 0

       F(  1, 18705) =  421.06
            Prob > F =    0.0000

Linear regression                               Number of obs     =     18,707
                                                F(1, 18705)       =     739.84
                                                Prob > F          =     0.0000
                                                R-squared         =     0.1061
                                                Root MSE          =     7.3e+06

----------------------------------------------------------------------------------
                 |               Robust
       value_eur | Coefficient  std. err.      t    P>|t|     [95% conf. interval]
-----------------+----------------------------------------------------------------
mentality_vision |   184016.9   6765.315    27.20   0.000     170756.3    197277.5
           _cons |   -6997481   323297.6   -21.64   0.000     -7631173    -6363788
----------------------------------------------------------------------------------

 ( 1)  mentality_vision = 0

       F(  1, 18705) =  739.84
            Prob > F =    0.0000

Linear regression                               Number of obs     =     18,707
                                                F(1, 18705)       =     330.12
                                                Prob > F          =     0.0000
                                                R-squared         =     0.0372
                                                Root MSE          =     7.6e+06

-------------------------------------------------------------------------------------
                    |               Robust
          value_eur | Coefficient  std. err.      t    P>|t|     [95% conf. interval]
--------------------+----------------------------------------------------------------
mentality_penalties |   95359.16   5248.426    18.17   0.000     85071.77    105646.6
              _cons |   -1675818   227349.2    -7.37   0.000     -2121443    -1230193
-------------------------------------------------------------------------------------

 ( 1)  mentality_penalties = 0

       F(  1, 18705) =  330.12
            Prob > F =    0.0000

Linear regression                               Number of obs     =     18,707
                                                F(1, 18705)       =     942.88
                                                Prob > F          =     0.0000
                                                R-squared         =     0.1556
                                                Root MSE          =     7.1e+06

-------------------------------------------------------------------------------------
                    |               Robust
          value_eur | Coefficient  std. err.      t    P>|t|     [95% conf. interval]
--------------------+----------------------------------------------------------------
mentality_composure |   252428.4   8220.701    30.71   0.000     236315.1    268541.7
              _cons |  -1.17e+07   433920.2   -27.01   0.000    -1.26e+07   -1.09e+07
-------------------------------------------------------------------------------------

 ( 1)  mentality_composure = 0

       F(  1, 18705) =  942.88
            Prob > F =    0.0000

Linear regression                               Number of obs     =     18,707
                                                F(1, 18705)       =     286.38
                                                Prob > F          =     0.0000
                                                R-squared         =     0.0203
                                                Root MSE          =     7.7e+06

---------------------------------------------------------------------------------------------
                            |               Robust
                  value_eur | Coefficient  std. err.      t    P>|t|     [95% conf. interval]
----------------------------+----------------------------------------------------------------
defending_marking_awareness |    54744.7   3234.957    16.92   0.000     48403.89    61085.51
                      _cons |   360550.4   142134.8     2.54   0.011     81953.27    639147.6
---------------------------------------------------------------------------------------------

 ( 1)  defending_marking_awareness = 0

       F(  1, 18705) =  286.38
            Prob > F =    0.0000

Linear regression                               Number of obs     =     18,707
                                                F(1, 18705)       =     191.64
                                                Prob > F          =     0.0000
                                                R-squared         =     0.0138
                                                Root MSE          =     7.7e+06

-------------------------------------------------------------------------------------------
                          |               Robust
                value_eur | Coefficient  std. err.      t    P>|t|     [95% conf. interval]
--------------------------+----------------------------------------------------------------
defending_standing_tackle |   42502.58    3070.27    13.84   0.000     36484.57    48520.59
                    _cons |     881270   143638.9     6.14   0.000     599724.8     1162815
-------------------------------------------------------------------------------------------

 ( 1)  defending_standing_tackle = 0

       F(  1, 18705) =  191.64
            Prob > F =    0.0000

Linear regression                               Number of obs     =     18,707
                                                F(1, 18705)       =     135.84
                                                Prob > F          =     0.0000
                                                R-squared         =     0.0100
                                                Root MSE          =     7.7e+06

------------------------------------------------------------------------------------------
                         |               Robust
               value_eur | Coefficient  std. err.      t    P>|t|     [95% conf. interval]
-------------------------+----------------------------------------------------------------
defending_sliding_tackle |   36977.25   3172.607    11.66   0.000     30758.65    43195.85
                   _cons |    1219265     146450     8.33   0.000       932210     1506321
------------------------------------------------------------------------------------------

 ( 1)  defending_sliding_tackle = 0

       F(  1, 18705) =  135.84
            Prob > F =    0.0000

Linear regression                               Number of obs     =     18,707
                                                F(1, 18705)       =       1.83
                                                Prob > F          =     0.1767
                                                R-squared         =     0.0002
                                                Root MSE          =     7.7e+06

------------------------------------------------------------------------------------
                   |               Robust
         value_eur | Coefficient  std. err.      t    P>|t|     [95% conf. interval]
-------------------+----------------------------------------------------------------
goalkeeping_diving |  -5412.283   4006.312    -1.35   0.177    -13265.02    2440.452
             _cons |    2991156   84861.81    35.25   0.000      2824819     3157493
------------------------------------------------------------------------------------

 ( 1)  goalkeeping_diving = 0

       F(  1, 18705) =    1.83
            Prob > F =    0.1767

Linear regression                               Number of obs     =     18,707
                                                F(1, 18705)       =       1.48
                                                Prob > F          =     0.2234
                                                R-squared         =     0.0001
                                                Root MSE          =     7.7e+06

--------------------------------------------------------------------------------------
                     |               Robust
           value_eur | Coefficient  std. err.      t    P>|t|     [95% conf. interval]
---------------------+----------------------------------------------------------------
goalkeeping_handling |  -5222.057   4288.586    -1.22   0.223    -13628.07     3183.96
               _cons |    2986975   87696.43    34.06   0.000      2815082     3158868
--------------------------------------------------------------------------------------

 ( 1)  goalkeeping_handling = 0

       F(  1, 18705) =    1.48
            Prob > F =    0.2234

Linear regression                               Number of obs     =     18,707
                                                F(1, 18705)       =       1.94
                                                Prob > F          =     0.1635
                                                R-squared         =     0.0002
                                                Root MSE          =     7.7e+06

-------------------------------------------------------------------------------------
                    |               Robust
          value_eur | Coefficient  std. err.      t    P>|t|     [95% conf. interval]
--------------------+----------------------------------------------------------------
goalkeeping_kicking |  -5924.339   4251.542    -1.39   0.163    -14257.75    2409.071
              _cons |    2997547   86814.87    34.53   0.000      2827381     3167712
-------------------------------------------------------------------------------------

 ( 1)  goalkeeping_kicking = 0

       F(  1, 18705) =    1.94
            Prob > F =    0.1635

Linear regression                               Number of obs     =     18,707
                                                F(1, 18705)       =       1.35
                                                Prob > F          =     0.2448
                                                R-squared         =     0.0001
                                                Root MSE          =     7.7e+06

-----------------------------------------------------------------------------------------
                        |               Robust
              value_eur | Coefficient  std. err.      t    P>|t|     [95% conf. interval]
------------------------+----------------------------------------------------------------
goalkeeping_positioning |   -4963.29   4267.553    -1.16   0.245    -13328.08    3401.502
                  _cons |    2982702    87167.5    34.22   0.000      2811845     3153558
-----------------------------------------------------------------------------------------

 ( 1)  goalkeeping_positioning = 0

       F(  1, 18705) =    1.35
            Prob > F =    0.2448

Linear regression                               Number of obs     =     18,707
                                                F(1, 18705)       =       1.28
                                                Prob > F          =     0.2583
                                                R-squared         =     0.0001
                                                Root MSE          =     7.7e+06

--------------------------------------------------------------------------------------
                     |               Robust
           value_eur | Coefficient  std. err.      t    P>|t|     [95% conf. interval]
---------------------+----------------------------------------------------------------
goalkeeping_reflexes |  -4495.956   3977.076    -1.13   0.258    -12291.39    3299.474
               _cons |    2976616   84606.02    35.18   0.000      2810781     3142452
--------------------------------------------------------------------------------------

 ( 1)  goalkeeping_reflexes = 0

       F(  1, 18705) =    1.28
            Prob > F =    0.2583

. 
. matrix list regs

regs[42,5]
           coef          se           t     p-value          r2
 r1   75346.298   9619.8292   .00081419   5.041e-15   .00205904
 r2   4321.1889   8423.3227    .0000609   .60795536   .00001448
 r3   137003.92   7247.8223   .00260806   7.238e-79    .0370333
 r4   165688.05   6923.2001   .00345683   1.77e-124   .08828774
 r5   309966.44   10459.254   .00283343   3.86e-188   .16689369
 r6    309369.9   10825.104   .00264006   2.05e-175   .15873091
 r7   71678.844   4436.5653   .00364164   2.840e-58   .02266465
 r8   171956.41   7269.0369   .00325435   1.03e-121   .04605781
 r9   98495.576   4476.0005   .00491628   5.66e-106   .05325144
r10    84454.94   4326.5368   .00451174   5.066e-84   .04561967
r11    70821.11   4176.8708   .00405939   5.267e-64   .02502326
r12   155889.32    5825.889   .00459295   8.09e-155    .0858812
r13   104430.69   5133.7479   .00396241   5.271e-91   .05659465
r14   99124.829   4361.7137   .00521036   8.31e-113   .05776843
r15   109335.61   4793.3087   .00475873   1.29e-113   .06612595
r16   97778.961   4874.3054   .00411547   1.407e-88   .04726137
r17   140124.51    5316.965   .00495663   2.53e-150   .07564445
r18   124872.22   5185.1273   .00464459   3.15e-126   .07152435
r19   85425.743   4451.4306   .00431111   2.679e-81   .02707417
r20   89197.464   4414.8124   .00457644   8.175e-90   .02860943
r21   95314.701    4712.357   .00429224   5.242e-90   .03235535
r22    420416.3   12999.984   .00248768   2.63e-223   .24476476
r23   66310.338   4794.5274   .00288463   2.729e-43   .01452532
r24   178101.05   6204.7184   .00462618   2.33e-177   .09401691
r25   78373.388    5302.842   .00278709   3.761e-49   .01447437
r26   98495.626   4338.5728   .00523267   1.41e-112   .04071186
r27   75984.346   4637.1377   .00353366   6.293e-60   .01504105
r28   93863.635   4246.1524   .00520602   6.52e-107   .05470123
r29   79127.046   3716.7258   .00572801   2.146e-99   .03084539
r30   51846.678   3168.2871   .00516502   8.957e-60   .01926179
r31   89688.158   4370.8102   .00469474   1.496e-92   .05065124
r32   184016.91   6765.3146   .00402052   8.25e-160   .10614979
r33   95359.162   5248.4256   .00346182   3.859e-73   .03716268
r34   252428.39   8220.7012   .00373526   4.71e-202   .15559216
r35   54744.702   3234.9567   .00523125   9.104e-64   .02027093
r36   42502.578   3070.2699   .00450881   2.286e-43   .01377156
r37   36977.247   3172.6073   .00367369   2.771e-31   .00998652
r38  -5412.2827   4006.3115   -.0003372    .1767313    .0001505
r39  -5222.0568   4288.5856  -.00028393   .22336699   .00012859
r40  -5924.3385   4251.5423  -.00032775    .1634984   .00015927
r41  -4963.2897   4267.5531  -.00027253   .24483241   .00011854
r42   -4495.956   3977.0761  -.00028425    .2582937   .00010744

. display as text "El valor máximo de R^2 es " as result `max_r2'
El valor máximo de R^2 es .24476476

. display as text "Corresponde a la regresión número " as result `max_index'
Corresponde a la regresión número 22

. display as text "Corresponde a la variable " as result "`max_var'"
Corresponde a la variable movement_reactions

. 
. regress value_eur `max_var', robust

Linear regression                               Number of obs     =     18,707
                                                F(1, 18705)       =    1045.86
                                                Prob > F          =     0.0000
                                                R-squared         =     0.2448
                                                Root MSE          =     6.7e+06

------------------------------------------------------------------------------------
                   |               Robust
         value_eur | Coefficient  std. err.      t    P>|t|     [95% conf. interval]
-------------------+----------------------------------------------------------------
movement_reactions |   420416.3   12999.98    32.34   0.000     394935.2    445897.5
             _cons |  -2.30e+07   759341.1   -30.26   0.000    -2.45e+07   -2.15e+07
------------------------------------------------------------------------------------

. display as text "Beta = " as result e(b)[1,1]
Beta = 420416.3

. display as text "R^2 = " as result e(r2)
R^2 = .24476476

. if (e(b)[1,1]>0) display as text "r = " as result sqrt(e(r2))
r = .49473706

. if (e(b)[1,1]<0) display as text "r = " as result -sqrt(e(r2))

. pwcorr value_eur `max_var'

             | value_~r moveme~s
-------------+------------------
   value_eur |   1.0000 
movement_r~s |   0.4947   1.0000 

. 
. generate ln_value_eur=ln(value_eur)

. generate ln_`max_var'=ln(`max_var')

. regress ln_value_eur ln_`max_var', robust

Linear regression                               Number of obs     =     18,707
                                                F(1, 18705)       =   11510.99
                                                Prob > F          =     0.0000
                                                R-squared         =     0.5304
                                                Root MSE          =     .85487

---------------------------------------------------------------------------------------
                      |               Robust
         ln_value_eur | Coefficient  std. err.      t    P>|t|     [95% conf. interval]
----------------------+----------------------------------------------------------------
ln_movement_reactions |   5.887088   .0548712   107.29   0.000     5.779536    5.994641
                _cons |  -10.30905      .2248   -45.86   0.000    -10.74968   -9.868422
---------------------------------------------------------------------------------------

. display as text "Beta = " as result e(b)[1,1]
Beta = 5.8870883

. display as text "R^2 = " as result e(r2)
R^2 = .53036651

. if (e(b)[1,1]>0) display as text "r = " as result sqrt(e(r2))
r = .72826267

. if (e(b)[1,1]<0) display as text "r = " as result -sqrt(e(r2))

. pwcorr value_eur ln_`max_var'

             | value_~r ln_mov~s
-------------+------------------
   value_eur |   1.0000 
ln_movemen~s |   0.4397   1.0000 

. 
. *INCISO (iii)*
. 
. regress value_eur `max_var', robust

Linear regression                               Number of obs     =     18,707
                                                F(1, 18705)       =    1045.86
                                                Prob > F          =     0.0000
                                                R-squared         =     0.2448
                                                Root MSE          =     6.7e+06

------------------------------------------------------------------------------------
                   |               Robust
         value_eur | Coefficient  std. err.      t    P>|t|     [95% conf. interval]
-------------------+----------------------------------------------------------------
movement_reactions |   420416.3   12999.98    32.34   0.000     394935.2    445897.5
             _cons |  -2.30e+07   759341.1   -30.26   0.000    -2.45e+07   -2.15e+07
------------------------------------------------------------------------------------

. predict resid, residuals

. 
. local N=e(N)

. local df=`N'-2

. local conf=0.95

. local alpha=1-`conf'

. local t=invttail(`df',`alpha'/2)

. 
. summarize `max_var'

    Variable |        Obs        Mean    Std. dev.       Min        Max
-------------+---------------------------------------------------------
movement_r~s |     18,707    61.55947    9.112712         24         95

. local x_mean=r(mean)

. local Sxx=(`N'-1)*r(sd)^2

. local b0=_b[_cons]

. local b1=_b[`max_var']

. local x=`x_mean'

. local y=`b0'+`b1'*`x'

. 
. generate resid2=resid^2

. summarize resid2

    Variable |        Obs        Mean    Std. dev.       Min        Max
-------------+---------------------------------------------------------
      resid2 |     18,707    4.53e+13    4.56e+14   2.10e+07   2.88e+16

. local sigma2_est=r(sum)/`df'

. 
. generate ip_inf=`y'-`t'*sqrt(`sigma2_est'*(1+1/`N'+(`x'-`x_mean')^2/`Sxx'))

. generate ip_sup=`y'+`t'*sqrt(`sigma2_est'*(1+1/`N'+(`x'-`x_mean')^2/`Sxx'))

. 
. generate ic_inf=`y'-`t'*sqrt(`sigma2_est'*(1/`N'+(`x'-`x_mean')^2/`Sxx'))

. generate ic_sup=`y'+`t'*sqrt(`sigma2_est'*(1/`N'+(`x'-`x_mean')^2/`Sxx'))

. 
. generate n_ip=0

. replace n_ip=1 if (value_eur<ip_inf | value_eur>ip_sup)
(666 real changes made)

. 
. generate n_ic=0

. replace n_ic=1 if (value_eur<ic_inf | value_eur>ic_sup)
(18,592 real changes made)

. 
. summarize n_ip

    Variable |        Obs        Mean    Std. dev.       Min        Max
-------------+---------------------------------------------------------
        n_ip |     18,707    .0356016    .1852998          0          1

. display as text "La proporción de veces que el valor de mercado supera la incertidumbre de predicción es " as result r(mean)
La proporción de veces que el valor de mercado supera la incertidumbre de predicción es .03560165

. 
. summarize n_ic

    Variable |        Obs        Mean    Std. dev.       Min        Max
-------------+---------------------------------------------------------
        n_ic |     18,707    .9938526    .0781663          0          1

. display as text "La proporción de veces que el valor de mercado supera la incertidumbre de estimación es " as result r(mean)
La proporción de veces que el valor de mercado supera la incertidumbre de estimación es .99385257

. 
. 
. *##############################################################################*
. ************* PARTE 2: ECUACIÓN DE PREDICCIÓN DEL VALOR DE MERCADO *************
. *##############################################################################*
. 
. 
. *INCISO (i)*
. 
. regress value_eur `vars', robust

Linear regression                               Number of obs     =     16,654
                                                F(42, 16611)      =      41.32
                                                Prob > F          =     0.0000
                                                R-squared         =     0.3467
                                                Root MSE          =     6.3e+06

---------------------------------------------------------------------------------------------
                            |               Robust
                  value_eur | Coefficient  std. err.      t    P>|t|     [95% conf. interval]
----------------------------+----------------------------------------------------------------
                        age |  -401562.4   18313.21   -21.93   0.000    -437458.2   -365666.6
                  height_cm |   68606.26   12284.32     5.58   0.000     44527.67    92684.85
                       pace |  -71818.65   162653.2    -0.44   0.659    -390636.3      246999
                   shooting |   25176.86   141085.6     0.18   0.858      -251366    301719.8
                    passing |     260432   156132.6     1.67   0.095    -45604.67    566468.7
                  dribbling |  -160449.9   141644.7    -1.13   0.257    -438088.5    117188.8
                  defending |   75991.24   160308.9     0.47   0.635    -238231.3    390213.8
                     physic |   173970.8     166331     1.05   0.296    -152055.7    499997.3
         attacking_crossing |  -44254.15   32716.57    -1.35   0.176    -108382.1    19873.82
        attacking_finishing |   20798.94   63796.18     0.33   0.744    -104248.4    145846.3
 attacking_heading_accuracy |   31827.41   18243.34     1.74   0.081    -3931.484    67586.29
    attacking_short_passing |  -49785.96   56740.08    -0.88   0.380    -161002.6    61430.65
          attacking_volleys |   28552.83   9993.563     2.86   0.004     8964.382    48141.29
            skill_dribbling |   65612.16   72131.19     0.91   0.363    -75772.67      206997
                skill_curve |   6145.396   9849.451     0.62   0.533    -13160.58    25451.37
          skill_fk_accuracy |  -14525.38   10690.53    -1.36   0.174    -35479.96    6429.205
         skill_long_passing |  -55690.27      24381    -2.28   0.022    -103479.6   -7900.905
         skill_ball_control |   128420.6   43454.27     2.96   0.003     43245.58    213595.6
      movement_acceleration |   74589.02   73157.05     1.02   0.308    -68806.61    217984.6
      movement_sprint_speed |   83638.45   90469.28     0.92   0.355    -93691.01    260967.9
           movement_agility |  -37451.62   15297.21    -2.45   0.014    -67435.78   -7467.456
         movement_reactions |   340049.4   17361.26    19.59   0.000     306019.4    374079.3
           movement_balance |   56522.92   10283.42     5.50   0.000     36366.32    76679.51
           power_shot_power |  -21582.75   29641.27    -0.73   0.467    -79682.81     36517.3
              power_jumping |  -8640.068   10113.96    -0.85   0.393     -28464.5    11184.37
              power_stamina |  -46640.09   41530.44    -1.12   0.261    -128044.2    34764.02
             power_strength |  -70216.94    83301.5    -0.84   0.399    -233496.8     93062.9
           power_long_shots |  -49942.87   28762.32    -1.74   0.083    -106320.1    6434.342
       mentality_aggression |  -52193.63   33941.78    -1.54   0.124    -118723.1    14335.89
    mentality_interceptions |  -22177.65   32803.92    -0.68   0.499    -86476.83    42121.53
      mentality_positioning |  -21689.39   9304.737    -2.33   0.020    -39927.67    -3451.11
           mentality_vision |  -18808.27   31867.05    -0.59   0.555    -81271.08    43654.55
        mentality_penalties |    3925.47   11823.33     0.33   0.740    -19249.51    27100.45
        mentality_composure |   97434.81   6789.912    14.35   0.000     84125.86    110743.8
defending_marking_awareness |  -7852.276   49452.45    -0.16   0.874    -104784.4     89079.8
  defending_standing_tackle |   4628.344   50950.66     0.09   0.928    -95240.39    104497.1
   defending_sliding_tackle |  -7201.992   20577.78    -0.35   0.726    -47536.63    33132.65
         goalkeeping_diving |  -12401.26   15889.49    -0.78   0.435    -43546.36    18743.84
       goalkeeping_handling |  -30114.84   15896.82    -1.89   0.058     -61274.3    1044.617
        goalkeeping_kicking |   2639.234   16366.88     0.16   0.872    -29441.59    34720.06
    goalkeeping_positioning |  -24784.22   16182.06    -1.53   0.126    -56502.78    6934.333
       goalkeeping_reflexes |   3689.173   15994.84     0.23   0.818    -27662.42    35040.77
                      _cons |  -4.25e+07    2705425   -15.70   0.000    -4.78e+07   -3.72e+07
---------------------------------------------------------------------------------------------

. 
. drop ln_`max_var'

. foreach var of local vars {
  2.         generate ln_`var'=ln(`var')
  3. }
(2,053 missing values generated)
(2,053 missing values generated)
(2,053 missing values generated)
(2,053 missing values generated)
(2,053 missing values generated)
(2,053 missing values generated)

. 
. local ln_vars="ln_age ln_height_cm ln_pace ln_shooting ln_passing ln_dribbling ln_defending ln_physic ln_attacking_crossing 
> ln_attacking_finishing ln_attacking_heading_accuracy ln_attacking_short_passing ln_attacking_volleys ln_skill_dribbling ln_s
> kill_curve ln_skill_fk_accuracy ln_skill_long_passing ln_skill_ball_control ln_movement_acceleration ln_movement_sprint_spee
> d ln_movement_agility ln_movement_reactions ln_movement_balance ln_power_shot_power ln_power_jumping ln_power_stamina ln_pow
> er_strength ln_power_long_shots ln_mentality_aggression ln_mentality_interceptions ln_mentality_positioning ln_mentality_vis
> ion ln_mentality_penalties ln_mentality_composure ln_defending_marking_awareness ln_defending_standing_tackle ln_defending_s
> liding_tackle ln_goalkeeping_diving ln_goalkeeping_handling ln_goalkeeping_kicking ln_goalkeeping_positioning ln_goalkeeping
> _reflexes"

. 
. local num_vars: word count `ln_vars'

. 
. regress ln_value_eur `ln_vars', robust

Linear regression                               Number of obs     =     16,654
                                                F(42, 16611)      =     964.67
                                                Prob > F          =     0.0000
                                                R-squared         =     0.8018
                                                Root MSE          =     .54207

------------------------------------------------------------------------------------------------
                               |               Robust
                  ln_value_eur | Coefficient  std. err.      t    P>|t|     [95% conf. interval]
-------------------------------+----------------------------------------------------------------
                        ln_age |  -2.361012   .0346135   -68.21   0.000    -2.428858   -2.293166
                  ln_height_cm |   .6131998   .2066801     2.97   0.003     .2080848    1.018315
                       ln_pace |  -1.851138   1.177367    -1.57   0.116    -4.158902    .4566263
                   ln_shooting |   .6669645   .7074923     0.94   0.346    -.7197959    2.053725
                    ln_passing |   2.675911   .8664785     3.09   0.002     .9775209    4.374302
                  ln_dribbling |   5.118618   1.686567     3.03   0.002     1.812766     8.42447
                  ln_defending |  -.4759095   .4125548    -1.15   0.249    -1.284561    .3327419
                     ln_physic |   4.981496    .409657    12.16   0.000     4.178525    5.784468
         ln_attacking_crossing |  -.1806801   .1537784    -1.17   0.240    -.4821023     .120742
        ln_attacking_finishing |  -.2138668   .2819648    -0.76   0.448    -.7665479    .3388143
 ln_attacking_heading_accuracy |    .701418   .0680086    10.31   0.000     .5681139     .834722
    ln_attacking_short_passing |  -.0804688   .3577953    -0.22   0.822    -.7817858    .6208482
          ln_attacking_volleys |   .0193944   .0370641     0.52   0.601    -.0532551    .0920439
            ln_skill_dribbling |  -2.004697   .7598425    -2.64   0.008     -3.49407   -.5153247
                ln_skill_curve |   -.095379   .0436937    -2.18   0.029    -.1810232   -.0097347
          ln_skill_fk_accuracy |  -.0914871    .041727    -2.19   0.028    -.1732764   -.0096977
         ln_skill_long_passing |  -.5986136   .1139055    -5.26   0.000    -.8218805   -.3753466
         ln_skill_ball_control |   .0627132    .575088     0.11   0.913    -1.064521    1.189947
      ln_movement_acceleration |   1.418654   .5330678     2.66   0.008     .3737845    2.463524
      ln_movement_sprint_speed |   1.604871   .6437256     2.49   0.013     .3431004    2.866642
           ln_movement_agility |  -.8066354   .1744892    -4.62   0.000    -1.148653   -.4646179
         ln_movement_reactions |   3.283156   .1259557    26.07   0.000     3.036269    3.530042
           ln_movement_balance |  -.3226021   .0835942    -3.86   0.000    -.4864556   -.1587486
           ln_power_shot_power |   .0987171   .1730951     0.57   0.568    -.2405677    .4380019
              ln_power_jumping |  -.2587978   .0331741    -7.80   0.000    -.3238226    -.193773
              ln_power_stamina |  -.7759571   .1067204    -7.27   0.000    -.9851405   -.5667737
             ln_power_strength |  -2.186762   .1991683   -10.98   0.000    -2.577153   -1.796371
           ln_power_long_shots |   -.454553   .1419253    -3.20   0.001    -.7327418   -.1763641
       ln_mentality_aggression |  -.8423128   .0744053   -11.32   0.000    -.9881552   -.6964704
    ln_mentality_interceptions |   -.017247   .0768126    -0.22   0.822    -.1678079    .1333139
      ln_mentality_positioning |  -.4409349   .0508895    -8.66   0.000    -.5406837   -.3411862
           ln_mentality_vision |  -.7585432   .1500682    -5.05   0.000    -1.052693   -.4643936
        ln_mentality_penalties |   .1285966   .0465895     2.76   0.006     .0372763    .2199169
        ln_mentality_composure |   1.472157   .0442008    33.31   0.000     1.385519    1.558795
ln_defending_marking_awareness |   .2932968   .1236894     2.37   0.018     .0508523    .5357413
  ln_defending_standing_tackle |   .2848335   .1148652     2.48   0.013     .0596853    .5099816
   ln_defending_sliding_tackle |   .0007524   .0451511     0.02   0.987    -.0877485    .0892533
         ln_goalkeeping_diving |  -.0092254   .0137007    -0.67   0.501    -.0360803    .0176295
       ln_goalkeeping_handling |  -.0181163   .0137115    -1.32   0.186    -.0449922    .0087596
        ln_goalkeeping_kicking |  -.0249623   .0136387    -1.83   0.067    -.0516956    .0017711
    ln_goalkeeping_positioning |  -.0138784   .0138342    -1.00   0.316     -.040995    .0132381
       ln_goalkeeping_reflexes |  -.0292647   .0136434    -2.14   0.032    -.0560071   -.0025222
                         _cons |   -24.1813   1.247051   -19.39   0.000    -26.62566   -21.73695
------------------------------------------------------------------------------------------------

. local N=e(N)

. matrix define betas=e(b)

. 
. *INCISOS (ii)-(iii)*
. 
. keep if (e(sample))
(2,053 observations deleted)

. 
. local alpha=0.001

. local max_iterations=1000

. local tolerance=0.000000015

. local crit=1

. scalar costo_prev=0

. 
. scalar beta0=betas[1,`num_vars'+1]*1.25

. forvalues i=1(1)`num_vars' {
  2.         scalar beta`i'=betas[1,`i']*1.25
  3. }

. 
. quietly forvalues i=1(1)`max_iterations' {
1 2 3 4 5 6 7 8 9 10 11 12 13 14 15 16 17 18 19 20 21 22 23 24 25 26 27 28 29 30 31 32 33 34 35 36  

Convergencia alcanzada en la iteración 36 (abs(costo-costo_prev) = 1.479e-08) 

Beta constante = -30.226624
Beta ln_age = -2.9512459
Beta ln_height_cm = .7665278
Beta ln_pace = -2.313898
Beta ln_shooting = .83373031
Beta ln_passing = 3.3449138
Beta ln_dribbling = 6.3982976
Beta ln_defending = -.59486701
Beta ln_physic = 6.2268934
Beta ln_attacking_crossing = -.22582586
Beta ln_attacking_finishing = -.26730861
Beta ln_attacking_heading_accuracy = .8767957
Beta ln_attacking_short_passing = -.10056134
Beta ln_attacking_volleys = .02426748
Beta ln_skill_dribbling = -2.5058466
Beta ln_skill_curve = -.11919894
Beta ln_skill_fk_accuracy = -.11433399
Beta ln_skill_long_passing = -.74824228
Beta ln_skill_ball_control = .07841642
Beta ln_movement_acceleration = 1.7733426
Beta ln_movement_sprint_speed = 2.0061132
Beta ln_movement_agility = -1.0082696
Beta ln_movement_reactions = 4.1039694
Beta ln_movement_balance = -.40322777
Beta ln_power_shot_power = .12342073
Beta ln_power_jumping = -.32347419
Beta ln_power_stamina = -.96992298
Beta ln_power_strength = -2.733429
Beta ln_power_long_shots = -.56816638
Beta ln_mentality_aggression = -1.0528703
Beta ln_mentality_interceptions = -.02153861
Beta ln_mentality_positioning = -.55114388
Beta ln_mentality_vision = -.94815406
Beta ln_mentality_penalties = .16076934
Beta ln_mentality_composure = 1.8402215
Beta ln_defending_marking_awareness = .36663998
Beta ln_defending_standing_tackle = .35606126
Beta ln_defending_sliding_tackle = .00095788
Beta ln_goalkeeping_diving = -.01152199
Beta ln_goalkeeping_handling = -.02263228
Beta ln_goalkeeping_kicking = -.03118805
Beta ln_goalkeeping_positioning = -.01733363
Beta ln_goalkeeping_reflexes = -.03656946

. 
. 
. log close
      name:  <unnamed>
       log:  G:\Mi unidad\JM\Facultad de Informática (FI)\Licenciatura en Informática\29. Matemática 4\Trabajo Práctico\Datos\
> TP_E1aE2.log
  log type:  text
 closed on:  26 Sep 2024, 22:17:29
------------------------------------------------------------------------------------------------------------------------------
